Using device: cuda

=== Mini SFT Batch Walkthrough ===
demo_max_length=28
目标：在一个 batch 中同时观察 truncation、padding、attention_mask、labels、shift_labels

----- Sample 0 -----
[Prompt text]
### Instruction:
Write a friendly reply to the user.

### Response:

[Full text]
### Instruction:
Write a friendly reply to the user.

### Response:
Hello there! It is nice to meet you today. I hope your research is going smoothly.
prompt_token_len=14 full_token_len_after_trunc=28 full_token_len_before_trunc=33
该样本发生了 truncation：full_text 超过 demo_max_length，尾部 token 被截掉。

[prompt_ids]
pos | value  | token
--------------------------------------------------
  0 |  14374 | '###'
  1 |  29051 | ' Instruction'
  2 |    510 | ':\n'
  3 |   7985 | 'Write'
  4 |    264 | ' a'
  5 |  11657 | ' friendly'
  6 |   9851 | ' reply'
  7 |    311 | ' to'
  8 |    279 | ' the'
  9 |   1196 | ' user'
 10 |    382 | '.\n\n'
 11 |  14374 | '###'
 12 |   5949 | ' Response'
 13 |    510 | ':\n'

[input_ids before padding]
pos | value  | token
--------------------------------------------------
  0 |  14374 | '###'
  1 |  29051 | ' Instruction'
  2 |    510 | ':\n'
  3 |   7985 | 'Write'
  4 |    264 | ' a'
  5 |  11657 | ' friendly'
  6 |   9851 | ' reply'
  7 |    311 | ' to'
  8 |    279 | ' the'
  9 |   1196 | ' user'
 10 |    382 | '.\n\n'
 11 |  14374 | '###'
 12 |   5949 | ' Response'
 13 |    510 | ':\n'
 14 |   9707 | 'Hello'
 15 |   1052 | ' there'
 16 |      0 | '!'
 17 |   1084 | ' It'
 18 |    374 | ' is'
 19 |   6419 | ' nice'
 20 |    311 | ' to'
 21 |   3367 | ' meet'
 22 |    498 | ' you'
 23 |   3351 | ' today'
 24 |     13 | '.'
 25 |    358 | ' I'
 26 |   3900 | ' hope'
 27 |    697 | ' your'

----- Sample 1 -----
[Prompt text]
### Instruction:
Answer with one short word.

### Response:

[Full text]
### Instruction:
Answer with one short word.

### Response:
Yes.
prompt_token_len=12 full_token_len_after_trunc=14 full_token_len_before_trunc=14
该样本没有发生 truncation。

[prompt_ids]
pos | value  | token
--------------------------------------------------
  0 |  14374 | '###'
  1 |  29051 | ' Instruction'
  2 |    510 | ':\n'
  3 |  16141 | 'Answer'
  4 |    448 | ' with'
  5 |    825 | ' one'
  6 |   2805 | ' short'
  7 |   3409 | ' word'
  8 |    382 | '.\n\n'
  9 |  14374 | '###'
 10 |   5949 | ' Response'
 11 |    510 | ':\n'

[input_ids before padding]
pos | value  | token
--------------------------------------------------
  0 |  14374 | '###'
  1 |  29051 | ' Instruction'
  2 |    510 | ':\n'
  3 |  16141 | 'Answer'
  4 |    448 | ' with'
  5 |    825 | ' one'
  6 |   2805 | ' short'
  7 |   3409 | ' word'
  8 |    382 | '.\n\n'
  9 |  14374 | '###'
 10 |   5949 | ' Response'
 11 |    510 | ':\n'
 12 |   9454 | 'Yes'
 13 |     13 | '.'

=== After Collator (dynamic padding + labels) ===
batch input_ids shape      = (2, 28)
batch attention_mask shape = (2, 28)
batch labels shape         = (2, 28)

===== Batch sample 0 =====

[input_ids after padding]
pos | value  | token
--------------------------------------------------
  0 |  14374 | '###'
  1 |  29051 | ' Instruction'
  2 |    510 | ':\n'
  3 |   7985 | 'Write'
  4 |    264 | ' a'
  5 |  11657 | ' friendly'
  6 |   9851 | ' reply'
  7 |    311 | ' to'
  8 |    279 | ' the'
  9 |   1196 | ' user'
 10 |    382 | '.\n\n'
 11 |  14374 | '###'
 12 |   5949 | ' Response'
 13 |    510 | ':\n'
 14 |   9707 | 'Hello'
 15 |   1052 | ' there'
 16 |      0 | '!'
 17 |   1084 | ' It'
 18 |    374 | ' is'
 19 |   6419 | ' nice'
 20 |    311 | ' to'
 21 |   3367 | ' meet'
 22 |    498 | ' you'
 23 |   3351 | ' today'
 24 |     13 | '.'
 25 |    358 | ' I'
 26 |   3900 | ' hope'
 27 |    697 | ' your'

[attention_mask]
pos | value  | token
--------------------------------------------------
  0 |      1 | -
  1 |      1 | -
  2 |      1 | -
  3 |      1 | -
  4 |      1 | -
  5 |      1 | -
  6 |      1 | -
  7 |      1 | -
  8 |      1 | -
  9 |      1 | -
 10 |      1 | -
 11 |      1 | -
 12 |      1 | -
 13 |      1 | -
 14 |      1 | -
 15 |      1 | -
 16 |      1 | -
 17 |      1 | -
 18 |      1 | -
 19 |      1 | -
 20 |      1 | -
 21 |      1 | -
 22 |      1 | -
 23 |      1 | -
 24 |      1 | -
 25 |      1 | -
 26 |      1 | -
 27 |      1 | -

[labels]
pos | value  | token
--------------------------------------------------
  0 |   -100 | -
  1 |   -100 | -
  2 |   -100 | -
  3 |   -100 | -
  4 |   -100 | -
  5 |   -100 | -
  6 |   -100 | -
  7 |   -100 | -
  8 |   -100 | -
  9 |   -100 | -
 10 |   -100 | -
 11 |   -100 | -
 12 |   -100 | -
 13 |   -100 | -
 14 |   9707 | 'Hello'
 15 |   1052 | ' there'
 16 |      0 | '!'
 17 |   1084 | ' It'
 18 |    374 | ' is'
 19 |   6419 | ' nice'
 20 |    311 | ' to'
 21 |   3367 | ' meet'
 22 |    498 | ' you'
 23 |   3351 | ' today'
 24 |     13 | '.'
 25 |    358 | ' I'
 26 |   3900 | ' hope'
 27 |    697 | ' your'

[shift_labels = labels[:, 1:]]
pos | value  | token
--------------------------------------------------
  0 |   -100 | -
  1 |   -100 | -
  2 |   -100 | -
  3 |   -100 | -
  4 |   -100 | -
  5 |   -100 | -
  6 |   -100 | -
  7 |   -100 | -
  8 |   -100 | -
  9 |   -100 | -
 10 |   -100 | -
 11 |   -100 | -
 12 |   -100 | -
 13 |   9707 | 'Hello'
 14 |   1052 | ' there'
 15 |      0 | '!'
 16 |   1084 | ' It'
 17 |    374 | ' is'
 18 |   6419 | ' nice'
 19 |    311 | ' to'
 20 |   3367 | ' meet'
 21 |    498 | ' you'
 22 |   3351 | ' today'
 23 |     13 | '.'
 24 |    358 | ' I'
 25 |   3900 | ' hope'
 26 |    697 | ' your'
参与 loss 计算的位置（在 shift_labels 中）: [13, 14, 15, 16, 17, 18, 19, 20, 21, 22, 23, 24, 25, 26]
解释：prompt 和 padding 的 label 会被置为 -100，cross_entropy 会忽略这些位置。

===== Batch sample 1 =====

[input_ids after padding]
pos | value  | token
--------------------------------------------------
  0 |  14374 | '###'
  1 |  29051 | ' Instruction'
  2 |    510 | ':\n'
  3 |  16141 | 'Answer'
  4 |    448 | ' with'
  5 |    825 | ' one'
  6 |   2805 | ' short'
  7 |   3409 | ' word'
  8 |    382 | '.\n\n'
  9 |  14374 | '###'
 10 |   5949 | ' Response'
 11 |    510 | ':\n'
 12 |   9454 | 'Yes'
 13 |     13 | '.'
 14 | 151643 | '<|endoftext|>'
 15 | 151643 | '<|endoftext|>'
 16 | 151643 | '<|endoftext|>'
 17 | 151643 | '<|endoftext|>'
 18 | 151643 | '<|endoftext|>'
 19 | 151643 | '<|endoftext|>'
 20 | 151643 | '<|endoftext|>'
 21 | 151643 | '<|endoftext|>'
 22 | 151643 | '<|endoftext|>'
 23 | 151643 | '<|endoftext|>'
 24 | 151643 | '<|endoftext|>'
 25 | 151643 | '<|endoftext|>'
 26 | 151643 | '<|endoftext|>'
 27 | 151643 | '<|endoftext|>'

[attention_mask]
pos | value  | token
--------------------------------------------------
  0 |      1 | -
  1 |      1 | -
  2 |      1 | -
  3 |      1 | -
  4 |      1 | -
  5 |      1 | -
  6 |      1 | -
  7 |      1 | -
  8 |      1 | -
  9 |      1 | -
 10 |      1 | -
 11 |      1 | -
 12 |      1 | -
 13 |      1 | -
 14 |      0 | -
 15 |      0 | -
 16 |      0 | -
 17 |      0 | -
 18 |      0 | -
 19 |      0 | -
 20 |      0 | -
 21 |      0 | -
 22 |      0 | -
 23 |      0 | -
 24 |      0 | -
 25 |      0 | -
 26 |      0 | -
 27 |      0 | -

[labels]
pos | value  | token
--------------------------------------------------
  0 |   -100 | -
  1 |   -100 | -
  2 |   -100 | -
  3 |   -100 | -
  4 |   -100 | -
  5 |   -100 | -
  6 |   -100 | -
  7 |   -100 | -
  8 |   -100 | -
  9 |   -100 | -
 10 |   -100 | -
 11 |   -100 | -
 12 |   9454 | 'Yes'
 13 |     13 | '.'
 14 |   -100 | -
 15 |   -100 | -
 16 |   -100 | -
 17 |   -100 | -
 18 |   -100 | -
 19 |   -100 | -
 20 |   -100 | -
 21 |   -100 | -
 22 |   -100 | -
 23 |   -100 | -
 24 |   -100 | -
 25 |   -100 | -
 26 |   -100 | -
 27 |   -100 | -

[shift_labels = labels[:, 1:]]
pos | value  | token
--------------------------------------------------
  0 |   -100 | -
  1 |   -100 | -
  2 |   -100 | -
  3 |   -100 | -
  4 |   -100 | -
  5 |   -100 | -
  6 |   -100 | -
  7 |   -100 | -
  8 |   -100 | -
  9 |   -100 | -
 10 |   -100 | -
 11 |   9454 | 'Yes'
 12 |     13 | '.'
 13 |   -100 | -
 14 |   -100 | -
 15 |   -100 | -
 16 |   -100 | -
 17 |   -100 | -
 18 |   -100 | -
 19 |   -100 | -
 20 |   -100 | -
 21 |   -100 | -
 22 |   -100 | -
 23 |   -100 | -
 24 |   -100 | -
 25 |   -100 | -
 26 |   -100 | -
参与 loss 计算的位置（在 shift_labels 中）: [11, 12]
解释：prompt 和 padding 的 label 会被置为 -100，cross_entropy 会忽略这些位置。
